<?xml version="1.0" encoding="UTF-8"?>
<!-- Generated by org.testng.reporters.JUnitReportReporter -->
<testsuite skipped="0" hostname="QQSPLOXLTP0078" name="General.shop.Ecomerce_tc_5" tests="1" failures="0" timestamp="25 Aug 2022 07:02:38 GMT" time="30.911" errors="0">
  <testcase name="fillform" time="30.911" classname="General.shop.Ecomerce_tc_5"/>
</testsuite> <!-- General.shop.Ecomerce_tc_5 -->
