<?xml version="1.0" encoding="UTF-8"?>
<!-- Generated by org.testng.reporters.JUnitReportReporter -->
<testsuite skipped="0" hostname="QQSPLOXLTP0078" name="general.Shop123.Ecomerce_tc_3" tests="1" failures="0" timestamp="20 Aug 2022 08:47:10 GMT" time="29.839" errors="0">
  <testcase name="fillform" time="29.839" classname="general.Shop123.Ecomerce_tc_3"/>
</testsuite> <!-- general.Shop123.Ecomerce_tc_3 -->
