<?xml version="1.0" encoding="UTF-8"?>
<!-- Generated by org.testng.reporters.JUnitReportReporter -->
<testsuite skipped="0" hostname="QQSPLOXLTP0078" name="general.Shop123.Ecomerce_tc_5" tests="1" failures="0" timestamp="25 Aug 2022 06:48:33 GMT" time="44.226" errors="0">
  <testcase name="fillform" time="44.226" classname="general.Shop123.Ecomerce_tc_5"/>
</testsuite> <!-- general.Shop123.Ecomerce_tc_5 -->
