<?xml version="1.0" encoding="UTF-8"?>
<!-- Generated by org.testng.reporters.JUnitReportReporter -->
<testsuite skipped="0" hostname="QQSPLOXLTP0078" name="general.Shop123.Ecomerce_tc_2" tests="1" failures="0" timestamp="14 Aug 2022 05:11:06 GMT" time="12.805" errors="0">
  <testcase name="fillform" time="12.805" classname="general.Shop123.Ecomerce_tc_2"/>
</testsuite> <!-- general.Shop123.Ecomerce_tc_2 -->
