<?xml version="1.0" encoding="UTF-8"?>
<!-- Generated by org.testng.reporters.JUnitReportReporter -->
<testsuite skipped="0" hostname="QQSPLOXLTP0078" name="general.Shop123.Ecomerce_tc_1" tests="1" failures="0" timestamp="14 Aug 2022 04:47:52 GMT" time="12.458" errors="0">
  <testcase name="fillform" time="12.458" classname="general.Shop123.Ecomerce_tc_1"/>
</testsuite> <!-- general.Shop123.Ecomerce_tc_1 -->
