<?xml version="1.0" encoding="UTF-8"?>
<!-- Generated by org.testng.reporters.JUnitReportReporter -->
<testsuite skipped="0" hostname="QQSPLOXLTP0078" name="general.Shop123.Ecomerce_tc_4" tests="1" failures="0" timestamp="21 Aug 2022 10:51:52 GMT" time="21.484" errors="0">
  <testcase name="fillform" time="21.484" classname="general.Shop123.Ecomerce_tc_4"/>
</testsuite> <!-- general.Shop123.Ecomerce_tc_4 -->
